<?xml version="1.0" encoding="UTF-8"?>
<!-- Generated by org.testng.reporters.JUnitReportReporter -->
<testsuite hostname="LAPTOP-VAB3EAF0" failures="0" tests="3" name="testcases.SimplilearnLoginTest" time="70.530" errors="0" timestamp="2022-09-11T10:55:54 IST" skipped="0">
  <testcase classname="testcases.SimplilearnLoginTest" name="Test2" time="25.958"/>
  <system-out/>
  <testcase classname="testcases.SimplilearnLoginTest" name="Test3" time="18.708"/>
  <system-out/>
  <testcase classname="testcases.SimplilearnLoginTest" name="Test1" time="25.864"/>
  <system-out/>
</testsuite> <!-- testcases.SimplilearnLoginTest -->
