<?xml version="1.0" encoding="UTF-8"?>
<!-- Generated by org.testng.reporters.JUnitReportReporter -->
<testsuite hostname="LAPTOP-VAB3EAF0" failures="0" tests="1" name="testcases.HomeTest" time="10.164" errors="0" timestamp="2022-09-11T10:55:54 IST" skipped="0">
  <testcase classname="testcases.HomeTest" name="test1" time="10.164"/>
  <system-out/>
</testsuite> <!-- testcases.HomeTest -->
