<?xml version="1.0" encoding="UTF-8"?>
<!-- Generated by org.testng.reporters.JUnitReportReporter -->
<testsuite skipped="0" hostname="LAPTOP-VAB3EAF0" name="testcases.HomeTest" tests="1" failures="0" timestamp="2022-09-10T12:47:59 IST" time="23.935" errors="0">
  <testcase name="test1" time="23.935" classname="testcases.HomeTest"/>
  <system-out/>
</testsuite> <!-- testcases.HomeTest -->
