<?xml version="1.0" encoding="UTF-8"?>
<!-- Generated by org.testng.reporters.JUnitReportReporter -->
<testsuite hostname="LAPTOP-VAB3EAF0" failures="0" tests="3" name="testcases.SimplilearnLoginTest" time="56.558" errors="0" timestamp="2022-09-23T20:40:35 IST" skipped="0">
  <testcase classname="testcases.SimplilearnLoginTest" name="Test3" time="21.133"/>
  <system-out/>
  <testcase classname="testcases.SimplilearnLoginTest" name="Test1" time="17.548"/>
  <system-out/>
  <testcase classname="testcases.SimplilearnLoginTest" name="Test2" time="17.877"/>
  <system-out/>
</testsuite> <!-- testcases.SimplilearnLoginTest -->
