<?xml version="1.0" encoding="UTF-8"?>
<!-- Generated by org.testng.reporters.JUnitReportReporter -->
<testsuite skipped="0" hostname="LAPTOP-VAB3EAF0" name="testcases.SimplilearnLoginTest" tests="2" failures="0" timestamp="2022-09-10T12:47:59 IST" time="29.741" errors="0">
  <testcase name="Test1" time="22.212" classname="testcases.SimplilearnLoginTest"/>
  <system-out/>
  <testcase name="Test2" time="7.529" classname="testcases.SimplilearnLoginTest"/>
  <system-out/>
</testsuite> <!-- testcases.SimplilearnLoginTest -->
